Base path: C:/Program Files (x86)/Unity/Editor/Data
Pipe name: \\.\pipe\UnityShaderCompiler-1-9860
Cmd: getPlatforms
Cmd: preprocess
  insize=464 outsize=464 ok=1
Cmd: preprocess
  insize=1937 outsize=1239 ok=1
Cmd: preprocess
  insize=1101 outsize=904 ok=1
Cmd: preprocess
  insize=4203 outsize=1533 ok=1
Cmd: preprocess
  insize=1654 outsize=1035 ok=1
Cmd: preprocess
  insize=1574 outsize=702 ok=1
Cmd: compileSnippet
  api=1 type=0 insize=5764 outsize=622 kw=DIRECTIONAL ok=1
Cmd: compileSnippet
  api=1 type=1 insize=5764 outsize=411 kw=DIRECTIONAL ok=1
Cmd: compileSnippet
  api=1 type=0 insize=3468 outsize=674 kw=DIRECTIONAL ok=1
Cmd: compileSnippet
  api=1 type=1 insize=3468 outsize=940 kw=DIRECTIONAL ok=1
